<?xml version="1.0" encoding="UTF-8"?>
<testsuite xmlns:xsi="http://www.w3.org/2001/XMLSchema-instance" xsi:noNamespaceSchemaLocation="https://maven.apache.org/surefire/maven-surefire-plugin/xsd/surefire-test-report-3.0.xsd" version="3.0" name="controller.ProdutoControllerTest" time="1.031" tests="5" errors="0" skipped="0" failures="0">
  <properties>
[...]
</properties>
  <testcase name="testExcluirProdutoChamaExcluirDAO" classname="controller.ProdutoControllerTest" time="0.55"/>
  <testcase name="testSalvarProdutoExistenteChamaAtualizarDAO" classname="controller.ProdutoControllerTest" time="0.005"/>
  <testcase name="testListarProdutosRetornaListaDoDAO" classname="controller.ProdutoControllerTest" time="0.008"/>
  <testcase name="testSalvarProdutoNoBanco" classname="controller.ProdutoControllerTest" time="0.121"/>
  <testcase name="testSalvarProdutoNovoChamaSalvarDAO" classname="controller.ProdutoControllerTest" time="0.004"/>
</testsuite>